<?xml version="1.0" encoding="UTF-8"?>
<!-- Generated by org.testng.reporters.JUnitXMLReporter -->
<testsuite hostname="WDP-00363" ignored="0" name="Group of group Test" tests="4" failures="0" timestamp="02 авг 2018 10:41:52 GMT" time="119.854" errors="0">
  <testcase name="marketTest1" time="31.342" classname="test.java.com.MortyraSky.tests.MainTest"/>
  <testcase name="marketTest2" time="4.018" classname="test.java.com.MortyraSky.tests.MainTest"/>
  <testcase name="marketTest3" time="12.331" classname="test.java.com.MortyraSky.tests.MainTest"/>
  <testcase name="marketTest4" time="58.377" classname="test.java.com.MortyraSky.tests.MainTest"/>
</testsuite> <!-- Group of group Test -->
