<?xml version="1.0" encoding="UTF-8"?>
<!-- Generated by org.testng.reporters.JUnitXMLReporter -->
<testsuite hostname="WDP-00363" ignored="0" name="Group of group Test" tests="4" failures="0" timestamp="02 авг 2018 09:26:22 GMT" time="134.445" errors="0">
  <testcase name="marketTest1" time="31.188" classname="test.java.com.MortyraSky.tests.MainTest"/>
  <testcase name="marketTest2" time="4.276" classname="test.java.com.MortyraSky.tests.MainTest"/>
  <testcase name="marketTest3" time="15.863" classname="test.java.com.MortyraSky.tests.MainTest"/>
  <testcase name="marketTest4" time="62.853" classname="test.java.com.MortyraSky.tests.MainTest"/>
</testsuite> <!-- Group of group Test -->
